<?xml version='1.0'?>
<ns2:test-suite xmlns:ns2='urn:model.allure.qatools.yandex.ru' start='1618671323156' stop='1618671323170'>
    <name>Performing a login: Login with default user</name>
    <title>Performing a login: Login with default user</title>
    <test-cases>
        <test-case start='1618671323158' status='passed' stop='1618671323163'>
            <name></name>
            <title></title>
            <labels>
                <label name='language' value='javascript'/>
                <label name='framework' value='wdio'/>
                <label name='thread' value='0-0'/>
            </labels>
            <parameters>
                <parameter kind='argument' name='browser' value='chrome-90.0.4430.72'/>
            </parameters>
            <steps/>
            <attachments/>
        </test-case>
        <test-case start='1618671323163' status='undefined'>
            <name>Given I'm on the login page</name>
            <title>Given I'm on the login page</title>
            <labels>
                <label name='language' value='javascript'/>
                <label name='framework' value='wdio'/>
                <label name='thread' value='0-0'/>
            </labels>
            <parameters>
                <parameter kind='argument' name='browser' value='chrome-90.0.4430.72'/>
            </parameters>
            <steps/>
            <attachments/>
        </test-case>
        <test-case start='1618671323166' status='pending' stop='1618671323166'>
            <name>I'm on the login page (undefined step)</name>
            <title>I'm on the login page (undefined step)</title>
            <labels/>
            <parameters/>
            <steps/>
            <attachments/>
            <failure>
                <message>Test ignored</message>
                <stack-trace>undefined</stack-trace>
            </failure>
        </test-case>
        <test-case start='1618671323166' status='undefined'>
            <name>When I login with a default user</name>
            <title>When I login with a default user</title>
            <labels>
                <label name='language' value='javascript'/>
                <label name='framework' value='wdio'/>
                <label name='thread' value='0-0'/>
            </labels>
            <parameters>
                <parameter kind='argument' name='browser' value='chrome-90.0.4430.72'/>
            </parameters>
            <steps/>
            <attachments/>
        </test-case>
        <test-case start='1618671323167' status='pending' stop='1618671323167'>
            <name>I login with a default user (undefined step)</name>
            <title>I login with a default user (undefined step)</title>
            <labels/>
            <parameters/>
            <steps/>
            <attachments/>
            <failure>
                <message>Test ignored</message>
                <stack-trace>undefined</stack-trace>
            </failure>
        </test-case>
        <test-case start='1618671323167' status='undefined'>
            <name>Then I shall be on the Store page</name>
            <title>Then I shall be on the Store page</title>
            <labels>
                <label name='language' value='javascript'/>
                <label name='framework' value='wdio'/>
                <label name='thread' value='0-0'/>
            </labels>
            <parameters>
                <parameter kind='argument' name='browser' value='chrome-90.0.4430.72'/>
            </parameters>
            <steps/>
            <attachments/>
        </test-case>
        <test-case start='1618671323167' status='pending' stop='1618671323167'>
            <name>I shall be on the Store page (undefined step)</name>
            <title>I shall be on the Store page (undefined step)</title>
            <labels/>
            <parameters/>
            <steps/>
            <attachments/>
            <failure>
                <message>Test ignored</message>
                <stack-trace>undefined</stack-trace>
            </failure>
        </test-case>
        <test-case start='1618671323167' status='passed' stop='1618671323168'>
            <name></name>
            <title></title>
            <labels>
                <label name='language' value='javascript'/>
                <label name='framework' value='wdio'/>
                <label name='thread' value='0-0'/>
            </labels>
            <parameters>
                <parameter kind='argument' name='browser' value='chrome-90.0.4430.72'/>
            </parameters>
            <steps/>
            <attachments/>
        </test-case>
    </test-cases>
</ns2:test-suite>